[
2to3
2to3-2.7
a2p
aconnect
acpi_listen
add-apt-repository
addpart
addr2line
alsaloop
alsamixer
alsaucm
amidi
amixer
amuFormat.sh
aplay
aplaymidi
appres
apropos
apt-add-repository
apt-cache
apt-cdrom
apt-config
aptdcon
apt-extracttemplates
apt-ftparchive
apt-get
apt-internal-solver
apt-key
apt-mark
apt-sortpkgs
ar
arch
arecord
arecordmidi
as
aseqdump
aseqnet
atobm
awk
b2m
b2m.emacs23
base64
basename
bashbug
bdftopcf
bdftruncate
bitmap
bmtoa
bsd-from
bsd-write
c2ph
c89
c89-gcc
c99
c99-gcc
cal
calendar
callgrind_annotate
callgrind_control
captoinfo
catchsegv
catman
cautious-launcher
cc
c++filt
cg_annotate
cg_diff
cg_merge
chage
chardet
chattr
chcon
chfn
chkdupexe
chrt
chsh
cjpeg
ckbcomp
ck-history
ck-launch-session
ck-list-sessions
cksum
clear
clear_console
cmp
codepage
col
colcrt
colrm
column
comm
compose
config_data
corelist
cpan
cpan2dist
cpanp
cpanp-run-perl
cpp
cpp-4.6
c_rehash
crontab
cscope
cscope-indexer
csplit
ctags
ctags.emacs23
ctstat
cut
cvt
dbus-launch
dbus-monitor
dbus-send
deallocvt
debconf
debconf-apt-progress
debconf-communicate
debconf-copydb
debconf-escape
debconf-set-selections
debconf-show
delpart
desktop-file-edit
desktop-file-install
desktop-file-validate
dh_dkms
dh_installxmlcatalogs
dh_python2
diff
diff3
dircolors
dirname
djpeg
dos2unix
dotlockfile
dpkg
dpkg-deb
dpkg-divert
dpkg-maintscript-helper
dpkg-query
dpkg-split
dpkg-statoverride
dpkg-trigger
dprofpp
du
dumpkeys
ebrowse
ebrowse.emacs23
edit
editor
editres
eject
elfedit
emacs
emacs23
emacs23-x
emacsclient
emacsclient.emacs23
enc2xs
env
envsubst
eqn
etags
etags.emacs23
ex
exifautotran
exo-csource
exo-desktop-item-edit
exo-open
exo-preferred-applications
expand
expiry
expr
factor
faillog
faked-sysv
faked-tcp
fakeroot
fakeroot-sysv
fakeroot-tcp
fallocate
fc-cache
fc-cat
fc-list
fc-match
fc-query
fc-scan
file
find
find2perl
firefox
flock
fmt
fold
fonttosfnt
free
fribidi
from
fslsfonts
fstobdf
gcc
gcc-4.6
gconf-merge-tree
gconftool
gconftool-2
gcore
gcov
gcov-4.6
gdb
gdbtui
gencat
geqn
getconf
getent
getkeycodes
getopt
gettext
gettext.sh
ginstall-info
git
git-receive-pack
git-shell
git-upload-archive
git-upload-pack
globaltime
gnome-www-browser
gold
gpasswd
gpg
gpgsplit
gpgv
gpg-zip
gpic
gprof
grep-changelog
grep-changelog.emacs23
groff
grog
grops
grotty
groups
grub-bin2h
grub-editenv
grub-fstest
grub-kbdcomp
grub-menulst2cfg
grub-mkfont
grub-mkimage
grub-mklayout
grub-mkpasswd-pbkdf2
grub-mkrelpath
grub-mkrescue
grub-mount
grub-script-check
gsettings-data-convert
gsettings-schema-convert
gtbl
gtf
gtk-query-immodules-3.0
gtk-update-icon-cache
gtk-update-icon-cache-3.0
h2ph
h2xs
hd
head
helpztags
hexdump
hostid
i386
i686-linux-gnu-cpp
i686-linux-gnu-cpp-4.6
i686-linux-gnu-gcc
i686-linux-gnu-gcc-4.6
iceauth
ico
iconv
id
iecset
info
infobrowser
infocmp
infokey
infotocap
install
install-info
instmodsh
ionice
ipcmk
ipcrm
ipcs
iproxy
ischroot
isdv4-serial-debugger
ispell-wrapper
join
jpegexiforient
jpegtran
json_pp
killall
koi8rxterm
last
lastb
lastlog
lcf
ld
ld.bfd
ldd
ld.gold
less
lessecho
lessfile
lesskey
lesspipe
lexgrog
libnetcfg
link
linux32
linux64
linux-boot-prober
listres
lnstat
loadkeys
loadunimap
locale
localedef
lockfile-check
lockfile-create
lockfile-remove
lockfile-touch
logger
logname
look
lorder
lsattr
lsb_release
lscpu
lsinitramfs
lspci
lspgpot
luit
lxterm
lz
lzcat
lzcmp
lzdiff
lzegrep
lzfgrep
lzgrep
lzless
lzma
lzmainfo
lzmore
m17n-db
mac2unix
mail-lock
mail-touchlock
mail-unlock
make
man
mandb
manpath
mapscrn
mattrib
mawk
mbadblocks
mbchk
mcat
mcd
mcheck
mclasserase
mcomp
mcookie
mcopy
md5sum
md5sum.textutils
mdel
mdeltree
mdir
mdu
mesg
mformat
minfo
mkbimage
mkfifo
mkfontdir
mkfontscale
mkmanifest
mk_modmap
mlabel
mmd
mmount
mmove
mpartition
mrd
mren
mshowfat
ms_print
mtools
mtoolstest
mtrace
mtype
mxtar
mzip
namei
nawk
ncal
ncurses5-config
ncursesw5-config
neqn
newgrp
ngettext
nice
nl
nm
nohup
notify-send
nproc
nroff
nstat
objcopy
objdump
oclock
ocs
od
oldfind
omshell
on_ac_power
openssl
orage
os-prober
pager
partx
passwd
paste
patch
pathchk
pcimodules
pdb
pdb2.7
peekfd
perl
perl5.14.2
perlbug
perldoc
perlivp
perlthanks
pg
pgrep
pic
piconv
pinky
pkaction
pkcheck
pkexec
pkill
pl2pm
pldd
pmap
pm-is-supported
pod2html
pod2latex
pod2man
pod2text
pod2usage
podchecker
podselect
pr
preconv
prename
print
printenv
printerbanner
printf
prove
prtstat
psed
psfaddtable
psfgettable
psfstriptable
psfxtable
pstree
pstree.x11
pstruct
ptar
ptardiff
ptargrep
pth-config
ptx
pwdx
pyclean
pycompile
pydoc
pydoc2.7
pygettext
pygettext2.7
python
python2
python2.7
pyversions
ranlib
rcp
rcs-checkin
rcs-checkin.emacs23
rdjpgcom
readelf
red
rename
rename.ul
renice
reset
resize
resizecons
rev
rgrep
rlogin
routef
routel
rpcgen
rsh
rstart
rstartd
rsync
rtstat
runcon
run-mailcap
rview
rvim
s2p
savelog
scp
screendump
script
scriptreplay
sdiff
see
select-default-iwrap
select-editor
sensible-browser
sensible-editor
sensible-pager
seq
service
sessreg
setarch
setkeycodes
setleds
setlogcons
setmetamode
setpci
setsid
setterm
setxkbmap
sftp
sg
sha1sum
sha224sum
sha256sum
sha384sum
sha512sum
shasum
showconsolefont
showfont
showkey
showrgb
shred
shuf
size
skill
slabtop
slogin
smproxy
snice
soelim
sort
sotruss
speaker-test
splain
split
splitfont
sprof
ssh
ssh-add
ssh-agent
ssh-argv0
ssh-copy-id
ssh-import-id
ssh-keygen
ssh-keyscan
ssh-vulnkey
startx
startxfce4
stat
stdbuf
strace
strings
strip
subl
sublime-text
sudo
sudoedit
sudoreplay
sum
svn
svnadmin
svnauthz-validate
svndumpfilter
svnlook
svnmucc
svn-populate-node-origins-index
svnserve
svnsync
svnversion
synclient
syndaemon
tabs
tac
tail
taskset
tbl
tee
test
tgz
thunar
Thunar
thunar-settings
thunar-volman
thunar-volman-settings
tic
timeout
tload
toe
top
touch
tput
tr
troff
truncate
tset
tsort
tty
tz_convert
tzselect
ucf
ucfq
ucfr
ucs2any
udisks
udisks-tcp-bridge
ul
unattended-upgrade
unattended-upgrades
unexpand
unicode_stop
uniq
unix2dos
unix2mac
unlink
unlzma
unshare
unxz
update-alternatives
update-desktop-database
update-gconf-defaults
update-mime-database
update-mime-database.real
update-pciids
upower
uptime
users
uxterm
uz
valgrind
valgrind.bin
valgrind-listener
VBoxClient
vgdb
vi
view
viewres
vim
vim.basic
vimdiff
vim.tiny
vimtutor
vmstat
vmwarectrl
volname
w
wall
watch
wc
wget
whatis
whereis
which
who
whoami
w.procps
write
wrjpgcom
X
X11
x11perf
x11perfcomp
xargs
xauth
xbiff
xcalc
xclipboard
xclock
xcmsdb
xconsole
xcursorgen
xcutsel
xdg-user-dir
xdg-user-dirs-update
xditview
xdpyinfo
xdriinfo
xedit
xev
xeyes
xfbrowser4
xfce4-about
xfce4-accessibility-settings
xfce4-appearance-settings
xfce4-appfinder
xfce4-display-settings
xfce4-keyboard-settings
xfce4-mixer
xfce4-mouse-settings
xfce4-notifyd-config
xfce4-panel
xfce4-popup-applicationsmenu
xfce4-popup-directorymenu
xfce4-popup-windowmenu
xfce4-session
xfce4-session-logout
xfce4-session-settings
xfce4-settings-editor
xfce4-settings-helper
xfce4-settings-manager
xfce4-tips
xfce4-volumed
xfconf-query
xfd
xfdesktop
xfdesktop-settings
xfhelp4
xflock4
xfmountdev4
xfontsel
xfrun4
xfsettingsd
xfsinfo
xfterm4
xfwm4
xfwm4-settings
xfwm4-tweaks-settings
xfwm4-workspace-settings
xgamma
xgc
xhost
xinit
xinput
xkbbell
xkbcomp
xkbevd
xkbprint
xkbvleds
xkbwatch
xkeystone
xkill
xload
xlogo
xlsatoms
xlsclients
xlsfonts
xmag
xman
xmessage
xmodmap
xmore
Xorg
xprop
xrandr
xrdb
xrefresh
xscreensaver
xscreensaver-command
xscreensaver-demo
xscreensaver-getimage
xscreensaver-getimage-file
xscreensaver-getimage-video
xscreensaver-text
x-session-manager
xset
xsetmode
xsetpointer
xsetroot
xsetwacom
xsm
xstdcmap
xsubpp
xterm
x-terminal-emulator
xvidtune
xvinfo
xwd
x-window-manager
xwininfo
xwud
x-www-browser
xxd
xz
xzcat
xzcmp
xzdiff
xzegrep
xzfgrep
xzgrep
xzless
xzmore
yes
zdump
zsoelim
